<?xml version="1.0" encoding="UTF-8"?>
<!-- Generated by org.testng.reporters.JUnitXMLReporter -->
<testsuite hostname="Akins-MacBook-Pro.local" ignored="0" name="Command line test" tests="6" failures="0" timestamp="2021-08-25T10:28:22 CDT" time="52.058" errors="0">
  <testcase name="validateTitleAndUrl" time="4.745" classname="test.CarvanaTest"/>
  <testcase name="validateCarvanaLogo" time="4.319" classname="test.CarvanaTest"/>
  <testcase name="validateNavigationHeaderSections" time="3.202" classname="test.CarvanaTest"/>
  <testcase name="validateInvalidCredentialsErrorMessage" time="3.898" classname="test.CarvanaTest"/>
  <testcase name="validateSearchHeader" time="9.313" classname="test.CarvanaTest"/>
  <testcase name="validateResultTiles" time="13.868" classname="test.CarvanaTest"/>
</testsuite> <!-- Command line test -->
